<?xml version="1.0" encoding="UTF-8"?>
<!-- Generated by org.testng.reporters.JUnitReportReporter -->
<testsuite hostname="DESKTOP-53GA633" failures="0" tests="3" name="landingPage.Menu" time="29.573" errors="0" timestamp="2020-12-18T15:35:26 CET" skipped="0">
  <testcase classname="landingPage.Menu" name="Menu_HelpAndSupport" time="11.836"/>
  <system-out/>
  <testcase classname="landingPage.Menu" name="Menu_BookingOverview" time="9.408"/>
  <system-out/>
  <testcase classname="landingPage.Menu" name="Menu_RecentlyviewdTest" time="8.329"/>
  <system-out/>
</testsuite> <!-- landingPage.Menu -->
