<?xml version="1.0" encoding="UTF-8"?>
<!-- Generated by org.testng.reporters.JUnitReportReporter -->
<testsuite hostname="DESKTOP-53GA633" failures="0" tests="1" name="landingPage.Header" time="8.893" errors="0" timestamp="2020-12-17T18:35:21 CET" skipped="0">
  <testcase classname="landingPage.Header" name="TrivagoTest" time="8.893"/>
  <system-out/>
</testsuite> <!-- landingPage.Header -->
