<?xml version="1.0" encoding="UTF-8"?>
<!-- Generated by org.testng.reporters.JUnitReportReporter -->
<testsuite hostname="DESKTOP-53GA633" failures="0" tests="1" name="landingPage.SearchforHotel" time="14.154" errors="0" timestamp="2020-12-20T15:15:24 CET" skipped="0">
  <testcase classname="landingPage.SearchforHotel" name="SearchforHotelBerlinTest" time="14.154"/>
  <system-out/>
</testsuite> <!-- landingPage.SearchforHotel -->
